[2023-08-04 20:19:41,875] - aluin13 - !help (6e-05)
[2023-08-04 20:21:01,548] - .finalized - !get scout (0.00481)
[2023-08-04 20:24:20,526] - tulthix - !get angry (0.00267)
[2023-08-04 20:24:52,971] - aluin13 - !get vindi (0.00241)
[2023-08-04 20:25:02,397] - manasink - !get scout (0.00255)
[2023-08-04 20:25:44,457] - shoeshineboy - !get hate (0.00116)
[2023-08-04 20:30:16,327] - aluin13 - !get vindi (0.00427)
[2023-08-04 20:38:18,811] - aluin13 - !get vindi (0.0048)
[2023-08-04 20:38:19,231] - specific_northwest - !help (6e-05)
[2023-08-04 20:38:28,643] - specific_northwest - !get kael (0.00129)
[2023-08-04 20:38:31,200] - aluin13 - !help (6e-05)
[2023-08-04 20:38:44,614] - aluin13 - !merbs (7e-05)
[2023-08-04 20:38:58,703] - aluin13 - !get vindi (0.00247)
[2023-08-04 20:39:23,642] - waelyn - !get angry (0.00476)
[2023-08-04 20:39:34,775] - waelyn - !get all (0.00211)
[2023-08-04 20:41:17,537] - aluin13 - !earthquake (7e-05)
[2023-08-04 20:41:31,905] - aluin13 - !earthquake now (0.00952)
[2023-08-04 20:42:01,823] - aluin13 - !about (2e-05)
[2023-08-04 20:49:04,376] - .finalized - !get scout (0.0048)
[2023-08-04 20:49:08,241] - aluin13 - !get vindi (0.00272)
[2023-08-04 20:49:13,434] - .finalized - !get scout (0.00246)
[2023-08-04 20:51:22,148] - aluin13 - !get vindi (0.00455)
[2023-08-04 20:52:56,544] - makmega - !get scout (0.00265)
[2023-08-04 20:56:49,596] - .finalized - !get fear (0.00147)
[2023-08-04 21:00:42,754] - sonorod - !get all (0.00164)
[2023-08-04 21:05:14,292] - DeviousGod - !get scout (0.0027)
[2023-08-04 21:06:40,042] - waelyn - !get angry (0.00238)
[2023-08-04 21:10:36,109] - specific_northwest - !tod ring8 10 min ago (0.01032)
[2023-08-04 21:11:18,003] - specific_northwest - !help pop (5e-05)
[2023-08-04 21:22:07,049] - aluin13 - !get vaniki4 (0.00271)
[2023-08-04 21:30:19,502] - genoscid - !tod scout 14:59 CET (0.00524)
[2023-08-04 21:32:26,183] - genoscid - !help (0.00018)
[2023-08-04 21:32:42,786] - genoscid - !help tod (6e-05)
[2023-08-04 21:33:38,103] - genoscid - !tod severilous 2023-30-07 21:05 CET (0.0054)
[2023-08-04 21:34:20,201] - genoscid - !tod severilous 07-30-2023 21:05 CET (0.00493)
[2023-08-04 21:34:51,730] - genoscid - !tod severilous 30-07-2023 21:05 CET (0.00503)
[2023-08-04 21:41:34,244] - genoscid - !tod severilous 2023-07-30 21:05 CET (0.00478)
[2023-08-04 21:42:47,819] - genoscid - !tod kozz 2023-08-02 23:05 CET (0.00643)
[2023-08-04 21:43:19,436] - genoscid - !tod Guardian Kozzalym 2023-08-02 23:05 CET (0.00487)
[2023-08-04 21:44:06,261] - genoscid - !tod Guardian Kozzalym 2023-08-02 23:05 CET (0.00479)
[2023-08-04 21:47:14,089] - .finalized - !get kozz (0.00438)
[2023-08-04 21:51:07,931] - DeviousGod - !get scout (0.0027)
[2023-08-04 21:51:55,517] - DeviousGod - !get scout (0.00286)
[2023-08-04 21:52:00,146] - DeviousGod - !get angry (0.00246)
[2023-08-04 21:52:44,280] - .finalized - !get angry goblin (0.00278)
[2023-08-04 21:52:58,505] - DeviousGod - !get angry goblin (0.00273)
[2023-08-04 21:58:59,781] - althorx - !get all (0.00205)
[2023-08-04 22:14:28,891] - DeviousGod - !get scout (0.00275)
[2023-08-04 22:34:39,364] - .tysidious - !get scout (0.00341)
[2023-08-04 22:38:20,448] - Kovfefe|Borney| <Castle> - !get scout (0.00252)
[2023-08-04 22:51:32,312] - .tysidious - !get scout (0.00307)
[2023-08-04 23:02:25,085] - Kovfefe|Borney| <Castle> - !scout ToD now (0.00538)
[2023-08-04 23:02:39,061] - Kovfefe|Borney| <Castle> - !help (6e-05)
[2023-08-04 23:02:47,271] - Kovfefe|Borney| <Castle> - !tod scout now (0.00933)
[2023-08-04 23:05:10,128] - aluin13 - !watch vindi (0.00324)
[2023-08-04 23:05:16,049] - aluin13 - !help (6e-05)
[2023-08-04 23:05:32,217] - aluin13 - !watch vindi (0.00304)
[2023-08-04 23:05:40,897] - aluin13 - !help watch (5e-05)
[2023-08-04 23:05:51,363] - aluin13 - !watch vindi off (0.00283)
[2023-08-04 23:56:17,171] - baggy04 - !get scout (0.00403)
